<?xml version="1.0" encoding="UTF-8"?>
<testng-results ignored="2" total="5" passed="3" failed="0" skipped="0">
  <reporter-output>
  </reporter-output>
  <suite started-at="2022-01-26T18:56:32Z" name="Command line suite" finished-at="2022-01-26T18:56:33Z" duration-ms="753">
    <groups>
    </groups>
    <test started-at="2022-01-26T18:56:32Z" name="Command line test" finished-at="2022-01-26T18:56:33Z" duration-ms="753">
      <class name="cl.test.pruebaactiveamq.SampleJavaIT">
        <test-method is-config="true" signature="beforeSuite(org.testng.ITestContext)[pri:0, instance:cl.test.pruebaactiveamq.SampleJavaIT@2034b64c]" started-at="2022-01-26T15:56:29Z" name="beforeSuite" finished-at="2022-01-26T15:56:32Z" duration-ms="2842" status="PASS">
          <params>
            <param index="0">
              <value>
                <![CDATA[org.testng.TestRunner@acf859d]]>
              </value>
            </param>
          </params>
          <reporter-output>
          </reporter-output>
        </test-method> <!-- beforeSuite -->
        <test-method is-config="true" signature="springTestContextBeforeTestClass()[pri:0, instance:cl.test.pruebaactiveamq.SampleJavaIT@2034b64c]" started-at="2022-01-26T15:56:32Z" name="springTestContextBeforeTestClass" finished-at="2022-01-26T15:56:32Z" duration-ms="5" status="PASS">
          <reporter-output>
          </reporter-output>
        </test-method> <!-- springTestContextBeforeTestClass -->
        <test-method is-config="true" signature="springTestContextPrepareTestInstance()[pri:0, instance:cl.test.pruebaactiveamq.SampleJavaIT@2034b64c]" started-at="2022-01-26T15:56:32Z" name="springTestContextPrepareTestInstance" finished-at="2022-01-26T15:56:32Z" depends-on-methods="org.springframework.test.context.testng.AbstractTestNGSpringContextTests.springTestContextBeforeTestClass" duration-ms="0" status="PASS">
          <reporter-output>
          </reporter-output>
        </test-method> <!-- springTestContextPrepareTestInstance -->
        <test-method is-config="true" signature="springTestContextBeforeTestMethod(java.lang.reflect.Method)[pri:0, instance:cl.test.pruebaactiveamq.SampleJavaIT@2034b64c]" started-at="2022-01-26T15:56:32Z" name="springTestContextBeforeTestMethod" finished-at="2022-01-26T15:56:32Z" duration-ms="1" status="PASS">
          <params>
            <param index="0">
              <value>
                <![CDATA[public void cl.test.pruebaactiveamq.SampleJavaIT.echoToday()]]>
              </value>
            </param>
          </params>
          <reporter-output>
          </reporter-output>
        </test-method> <!-- springTestContextBeforeTestMethod -->
        <test-method signature="echoToday()[pri:0, instance:cl.test.pruebaactiveamq.SampleJavaIT@2034b64c]" started-at="2022-01-26T15:56:32Z" name="echoToday" finished-at="2022-01-26T15:56:32Z" duration-ms="103" status="PASS">
          <reporter-output>
          </reporter-output>
        </test-method> <!-- echoToday -->
        <test-method is-config="true" signature="springTestContextAfterTestMethod(java.lang.reflect.Method)[pri:0, instance:cl.test.pruebaactiveamq.SampleJavaIT@2034b64c]" started-at="2022-01-26T15:56:32Z" name="springTestContextAfterTestMethod" finished-at="2022-01-26T15:56:32Z" duration-ms="1" status="PASS">
          <params>
            <param index="0">
              <value>
                <![CDATA[public void cl.test.pruebaactiveamq.SampleJavaIT.echoToday()]]>
              </value>
            </param>
          </params>
          <reporter-output>
          </reporter-output>
        </test-method> <!-- springTestContextAfterTestMethod -->
        <test-method is-config="true" signature="springTestContextBeforeTestMethod(java.lang.reflect.Method)[pri:0, instance:cl.test.pruebaactiveamq.SampleJavaIT@2034b64c]" started-at="2022-01-26T15:56:32Z" name="springTestContextBeforeTestMethod" finished-at="2022-01-26T15:56:32Z" duration-ms="10" status="PASS">
          <params>
            <param index="0">
              <value>
                <![CDATA[public void cl.test.pruebaactiveamq.SampleJavaIT.sayHello()]]>
              </value>
            </param>
          </params>
          <reporter-output>
          </reporter-output>
        </test-method> <!-- springTestContextBeforeTestMethod -->
        <test-method signature="sayHello()[pri:0, instance:cl.test.pruebaactiveamq.SampleJavaIT@2034b64c]" started-at="2022-01-26T15:56:32Z" name="sayHello" finished-at="2022-01-26T15:56:32Z" duration-ms="101" status="PASS">
          <reporter-output>
          </reporter-output>
        </test-method> <!-- sayHello -->
        <test-method is-config="true" signature="springTestContextAfterTestMethod(java.lang.reflect.Method)[pri:0, instance:cl.test.pruebaactiveamq.SampleJavaIT@2034b64c]" started-at="2022-01-26T15:56:32Z" name="springTestContextAfterTestMethod" finished-at="2022-01-26T15:56:32Z" duration-ms="12" status="PASS">
          <params>
            <param index="0">
              <value>
                <![CDATA[public void cl.test.pruebaactiveamq.SampleJavaIT.sayHello()]]>
              </value>
            </param>
          </params>
          <reporter-output>
          </reporter-output>
        </test-method> <!-- springTestContextAfterTestMethod -->
        <test-method is-config="true" signature="springTestContextAfterTestClass()[pri:0, instance:cl.test.pruebaactiveamq.SampleJavaIT@2034b64c]" started-at="2022-01-26T15:56:32Z" name="springTestContextAfterTestClass" finished-at="2022-01-26T15:56:32Z" duration-ms="0" status="PASS">
          <reporter-output>
          </reporter-output>
        </test-method> <!-- springTestContextAfterTestClass -->
        <test-method is-config="true" signature="afterSuite(org.testng.ITestContext)[pri:0, instance:cl.test.pruebaactiveamq.SampleJavaIT@2034b64c]" started-at="2022-01-26T15:56:33Z" name="afterSuite" finished-at="2022-01-26T15:56:33Z" duration-ms="127" status="PASS">
          <params>
            <param index="0">
              <value>
                <![CDATA[org.testng.TestRunner@acf859d]]>
              </value>
            </param>
          </params>
          <reporter-output>
          </reporter-output>
        </test-method> <!-- afterSuite -->
      </class> <!-- cl.test.pruebaactiveamq.SampleJavaIT -->
      <class name="cl.test.pruebaactiveamq.SampleXmlIT">
        <test-method is-config="true" signature="springTestContextBeforeTestClass()[pri:0, instance:cl.test.pruebaactiveamq.SampleXmlIT@1cf6d1be]" started-at="2022-01-26T15:56:32Z" name="springTestContextBeforeTestClass" finished-at="2022-01-26T15:56:32Z" duration-ms="1" status="PASS">
          <reporter-output>
          </reporter-output>
        </test-method> <!-- springTestContextBeforeTestClass -->
        <test-method is-config="true" signature="springTestContextPrepareTestInstance()[pri:0, instance:cl.test.pruebaactiveamq.SampleXmlIT@1cf6d1be]" started-at="2022-01-26T15:56:32Z" name="springTestContextPrepareTestInstance" finished-at="2022-01-26T15:56:32Z" depends-on-methods="org.springframework.test.context.testng.AbstractTestNGSpringContextTests.springTestContextBeforeTestClass" duration-ms="18" status="PASS">
          <reporter-output>
          </reporter-output>
        </test-method> <!-- springTestContextPrepareTestInstance -->
        <test-method is-config="true" signature="springTestContextBeforeTestMethod(java.lang.reflect.Method)[pri:0, instance:cl.test.pruebaactiveamq.SampleXmlIT@1cf6d1be]" started-at="2022-01-26T15:56:32Z" name="springTestContextBeforeTestMethod" finished-at="2022-01-26T15:56:32Z" duration-ms="1" status="PASS">
          <params>
            <param index="0">
              <value>
                <![CDATA[public void cl.test.pruebaactiveamq.SampleXmlIT.sampleXml()]]>
              </value>
            </param>
          </params>
          <reporter-output>
          </reporter-output>
        </test-method> <!-- springTestContextBeforeTestMethod -->
        <test-method signature="sampleXml()[pri:0, instance:cl.test.pruebaactiveamq.SampleXmlIT@1cf6d1be]" started-at="2022-01-26T15:56:32Z" name="sampleXml" finished-at="2022-01-26T15:56:33Z" duration-ms="406" status="PASS">
          <reporter-output>
          </reporter-output>
        </test-method> <!-- sampleXml -->
        <test-method is-config="true" signature="springTestContextAfterTestMethod(java.lang.reflect.Method)[pri:0, instance:cl.test.pruebaactiveamq.SampleXmlIT@1cf6d1be]" started-at="2022-01-26T15:56:33Z" name="springTestContextAfterTestMethod" finished-at="2022-01-26T15:56:33Z" duration-ms="11" status="PASS">
          <params>
            <param index="0">
              <value>
                <![CDATA[public void cl.test.pruebaactiveamq.SampleXmlIT.sampleXml()]]>
              </value>
            </param>
          </params>
          <reporter-output>
          </reporter-output>
        </test-method> <!-- springTestContextAfterTestMethod -->
        <test-method is-config="true" signature="springTestContextAfterTestClass()[pri:0, instance:cl.test.pruebaactiveamq.SampleXmlIT@1cf6d1be]" started-at="2022-01-26T15:56:33Z" name="springTestContextAfterTestClass" finished-at="2022-01-26T15:56:33Z" duration-ms="1" status="PASS">
          <reporter-output>
          </reporter-output>
        </test-method> <!-- springTestContextAfterTestClass -->
      </class> <!-- cl.test.pruebaactiveamq.SampleXmlIT -->
    </test> <!-- Command line test -->
  </suite> <!-- Command line suite -->
</testng-results>
