<?xml version="1.0" encoding="UTF-8"?>
<!-- Generated by org.testng.reporters.JUnitXMLReporter -->
<testsuite ignored="2" hostname="kev-RH" failures="0" tests="3" name="Command line test" time="0.753" errors="0" timestamp="26 ene. 2022 18:56:33 GMT">
  <testcase classname="cl.test.pruebaactiveamq.SampleJavaIT" name="echoToday" time="0.103"/>
  <testcase classname="cl.test.pruebaactiveamq.SampleJavaIT" name="sayHello" time="0.101"/>
  <testcase classname="cl.test.pruebaactiveamq.SampleXmlIT" name="sampleXml" time="0.406"/>
  <testcase classname="com.consol.citrus.testng.AbstractTestNGCitrusTest" name="@AfterSuite afterSuite" time="0.0">
    <ignored/>
  </testcase> <!-- @AfterSuite afterSuite -->
  <testcase classname="com.consol.citrus.testng.AbstractTestNGCitrusTest" name="@BeforeSuite beforeSuite" time="0.0">
    <ignored/>
  </testcase> <!-- @BeforeSuite beforeSuite -->
</testsuite> <!-- Command line test -->
